2022-11-10 21:06:27.872 INFO [main] c.example.mentomen.MentomenApplication : Starting MentomenApplication using Java 11.0.17 on PUMP-GIA with PID 7376 (D:\Users\김선경\Desktop\chaewon\mentors-service-be\out\production\classes started by 김선경 in D:\Users\김선경\Desktop\chaewon\mentors-service-be)
2022-11-10 21:06:27.880 DEBUG [main] c.example.mentomen.MentomenApplication : Running with Spring Boot v2.4.3, Spring v5.3.4
2022-11-10 21:06:27.881 INFO [main] c.example.mentomen.MentomenApplication : The following profiles are active: local,oauth
2022-11-10 21:06:29.696 INFO [main] o.s.d.r.c.RepositoryConfigurationDelegate : Multiple Spring Data modules found, entering strict repository configuration mode!
2022-11-10 21:06:29.700 INFO [main] o.s.d.r.c.RepositoryConfigurationDelegate : Bootstrapping Spring Data JDBC repositories in DEFAULT mode.
2022-11-10 21:06:29.783 INFO [main] o.s.d.r.c.RepositoryConfigurationExtensionSupport : Spring Data JDBC - Could not safely identify store assignment for repository candidate interface com.example.mentomen.article.repository.ArticleRepository. If you want this repository to be a JDBC repository, consider annotating your entities with one of these annotations: org.springframework.data.relational.core.mapping.Table.
2022-11-10 21:06:29.789 INFO [main] o.s.d.r.c.RepositoryConfigurationExtensionSupport : Spring Data JDBC - Could not safely identify store assignment for repository candidate interface com.example.mentomen.member.repository.UserRepository. If you want this repository to be a JDBC repository, consider annotating your entities with one of these annotations: org.springframework.data.relational.core.mapping.Table.
2022-11-10 21:06:29.791 INFO [main] o.s.d.r.c.RepositoryConfigurationDelegate : Finished Spring Data repository scanning in 82 ms. Found 0 JDBC repository interfaces.
2022-11-10 21:06:29.806 INFO [main] o.s.d.r.c.RepositoryConfigurationDelegate : Multiple Spring Data modules found, entering strict repository configuration mode!
2022-11-10 21:06:29.808 INFO [main] o.s.d.r.c.RepositoryConfigurationDelegate : Bootstrapping Spring Data JPA repositories in DEFAULT mode.
2022-11-10 21:06:29.888 INFO [main] o.s.d.r.c.RepositoryConfigurationDelegate : Finished Spring Data repository scanning in 72 ms. Found 2 JPA repository interfaces.
2022-11-10 21:06:30.590 INFO [main] o.s.c.s.PostProcessorRegistrationDelegate$BeanPostProcessorChecker : Bean 'org.springframework.security.access.expression.method.DefaultMethodSecurityExpressionHandler@5e1fc42f' of type [org.springframework.security.access.expression.method.DefaultMethodSecurityExpressionHandler] is not eligible for getting processed by all BeanPostProcessors (for example: not eligible for auto-proxying)
2022-11-10 21:06:30.602 INFO [main] o.s.c.s.PostProcessorRegistrationDelegate$BeanPostProcessorChecker : Bean 'methodSecurityMetadataSource' of type [org.springframework.security.access.method.DelegatingMethodSecurityMetadataSource] is not eligible for getting processed by all BeanPostProcessors (for example: not eligible for auto-proxying)
2022-11-10 21:06:32.874 INFO [main] o.s.b.w.embedded.tomcat.TomcatWebServer : Tomcat initialized with port(s): 8098 (http)
2022-11-10 21:06:32.899 INFO [main] o.apache.catalina.core.StandardService : Starting service [Tomcat]
2022-11-10 21:06:32.899 INFO [main] org.apache.catalina.core.StandardEngine : Starting Servlet engine: [Apache Tomcat/9.0.43]
2022-11-10 21:06:33.237 INFO [main] o.a.c.c.C.[Tomcat].[localhost].[/] : Initializing Spring embedded WebApplicationContext
2022-11-10 21:06:33.237 INFO [main] o.s.b.w.s.c.ServletWebServerApplicationContext : Root WebApplicationContext: initialization completed in 5246 ms
2022-11-10 21:06:33.314 INFO [main] com.zaxxer.hikari.HikariDataSource : HikariPool-1 - Starting...
2022-11-10 21:06:33.568 INFO [main] com.zaxxer.hikari.HikariDataSource : HikariPool-1 - Start completed.
2022-11-10 21:06:33.582 INFO [main] o.s.b.a.h2.H2ConsoleAutoConfiguration : H2 console available at '/h2-console'. Database available at 'jdbc:postgresql://203.250.148.52:20516/mentomen'
2022-11-10 21:06:33.862 INFO [main] o.hibernate.jpa.internal.util.LogHelper : HHH000204: Processing PersistenceUnitInfo [name: default]
2022-11-10 21:06:33.951 INFO [main] org.hibernate.Version : HHH000412: Hibernate ORM core version 5.4.28.Final
2022-11-10 21:06:34.192 INFO [main] o.hibernate.annotations.common.Version : HCANN000001: Hibernate Commons Annotations {5.1.2.Final}
2022-11-10 21:06:34.611 INFO [main] org.hibernate.dialect.Dialect : HHH000400: Using dialect: org.hibernate.dialect.PostgreSQL10Dialect
2022-11-10 21:06:37.055 DEBUG [main] org.hibernate.SQL : 
    
    alter table if exists article 
       add column user_id int8
2022-11-10 21:06:37.067 DEBUG [main] org.hibernate.SQL : 
    
    create table user (
       user_id int8 generated by default as identity,
        create_date timestamp,
        discription varchar(255),
        email varchar(255),
        nickname varchar(255),
        password varchar(255),
        provider varchar(255),
        provider_id varchar(255),
        role varchar(255),
        username varchar(255),
        primary key (user_id)
    )
2022-11-10 21:06:37.093 WARN [main] o.h.t.s.i.ExceptionHandlerLoggedImpl : GenerationTarget encountered exception accepting command : Error executing DDL "
    create table user (
       user_id int8 generated by default as identity,
        create_date timestamp,
        discription varchar(255),
        email varchar(255),
        nickname varchar(255),
        password varchar(255),
        provider varchar(255),
        provider_id varchar(255),
        role varchar(255),
        username varchar(255),
        primary key (user_id)
    )" via JDBC Statement
org.hibernate.tool.schema.spi.CommandAcceptanceException: Error executing DDL "
    create table user (
       user_id int8 generated by default as identity,
        create_date timestamp,
        discription varchar(255),
        email varchar(255),
        nickname varchar(255),
        password varchar(255),
        provider varchar(255),
        provider_id varchar(255),
        role varchar(255),
        username varchar(255),
        primary key (user_id)
    )" via JDBC Statement
	at org.hibernate.tool.schema.internal.exec.GenerationTargetToDatabase.accept(GenerationTargetToDatabase.java:67)
	at org.hibernate.tool.schema.internal.AbstractSchemaMigrator.applySqlString(AbstractSchemaMigrator.java:559)
	at org.hibernate.tool.schema.internal.AbstractSchemaMigrator.applySqlStrings(AbstractSchemaMigrator.java:504)
	at org.hibernate.tool.schema.internal.AbstractSchemaMigrator.createTable(AbstractSchemaMigrator.java:277)
	at org.hibernate.tool.schema.internal.GroupedSchemaMigratorImpl.performTablesMigration(GroupedSchemaMigratorImpl.java:71)
	at org.hibernate.tool.schema.internal.AbstractSchemaMigrator.performMigration(AbstractSchemaMigrator.java:207)
	at org.hibernate.tool.schema.internal.AbstractSchemaMigrator.doMigration(AbstractSchemaMigrator.java:114)
	at org.hibernate.tool.schema.spi.SchemaManagementToolCoordinator.performDatabaseAction(SchemaManagementToolCoordinator.java:184)
	at org.hibernate.tool.schema.spi.SchemaManagementToolCoordinator.process(SchemaManagementToolCoordinator.java:73)
	at org.hibernate.internal.SessionFactoryImpl.<init>(SessionFactoryImpl.java:318)
	at org.hibernate.boot.internal.SessionFactoryBuilderImpl.build(SessionFactoryBuilderImpl.java:468)
	at org.hibernate.jpa.boot.internal.EntityManagerFactoryBuilderImpl.build(EntityManagerFactoryBuilderImpl.java:1259)
	at org.springframework.orm.jpa.vendor.SpringHibernateJpaPersistenceProvider.createContainerEntityManagerFactory(SpringHibernateJpaPersistenceProvider.java:58)
	at org.springframework.orm.jpa.LocalContainerEntityManagerFactoryBean.createNativeEntityManagerFactory(LocalContainerEntityManagerFactoryBean.java:365)
	at org.springframework.orm.jpa.AbstractEntityManagerFactoryBean.buildNativeEntityManagerFactory(AbstractEntityManagerFactoryBean.java:409)
	at org.springframework.orm.jpa.AbstractEntityManagerFactoryBean.afterPropertiesSet(AbstractEntityManagerFactoryBean.java:396)
	at org.springframework.orm.jpa.LocalContainerEntityManagerFactoryBean.afterPropertiesSet(LocalContainerEntityManagerFactoryBean.java:341)
	at org.springframework.beans.factory.support.AbstractAutowireCapableBeanFactory.invokeInitMethods(AbstractAutowireCapableBeanFactory.java:1845)
	at org.springframework.beans.factory.support.AbstractAutowireCapableBeanFactory.initializeBean(AbstractAutowireCapableBeanFactory.java:1782)
	at org.springframework.beans.factory.support.AbstractAutowireCapableBeanFactory.doCreateBean(AbstractAutowireCapableBeanFactory.java:602)
	at org.springframework.beans.factory.support.AbstractAutowireCapableBeanFactory.createBean(AbstractAutowireCapableBeanFactory.java:524)
	at org.springframework.beans.factory.support.AbstractBeanFactory.lambda$doGetBean$0(AbstractBeanFactory.java:335)
	at org.springframework.beans.factory.support.DefaultSingletonBeanRegistry.getSingleton(DefaultSingletonBeanRegistry.java:234)
	at org.springframework.beans.factory.support.AbstractBeanFactory.doGetBean(AbstractBeanFactory.java:333)
	at org.springframework.beans.factory.support.AbstractBeanFactory.getBean(AbstractBeanFactory.java:208)
	at org.springframework.context.support.AbstractApplicationContext.getBean(AbstractApplicationContext.java:1153)
	at org.springframework.context.support.AbstractApplicationContext.finishBeanFactoryInitialization(AbstractApplicationContext.java:907)
	at org.springframework.context.support.AbstractApplicationContext.refresh(AbstractApplicationContext.java:582)
	at org.springframework.boot.web.servlet.context.ServletWebServerApplicationContext.refresh(ServletWebServerApplicationContext.java:144)
	at org.springframework.boot.SpringApplication.refresh(SpringApplication.java:767)
	at org.springframework.boot.SpringApplication.refresh(SpringApplication.java:759)
	at org.springframework.boot.SpringApplication.refreshContext(SpringApplication.java:426)
	at org.springframework.boot.SpringApplication.run(SpringApplication.java:326)
	at org.springframework.boot.SpringApplication.run(SpringApplication.java:1311)
	at org.springframework.boot.SpringApplication.run(SpringApplication.java:1300)
	at com.example.mentomen.MentomenApplication.main(MentomenApplication.java:10)
Caused by: org.postgresql.util.PSQLException: ERROR: syntax error at or near "user"
  Position: 20
	at org.postgresql.core.v3.QueryExecutorImpl.receiveErrorResponse(QueryExecutorImpl.java:2552)
	at org.postgresql.core.v3.QueryExecutorImpl.processResults(QueryExecutorImpl.java:2284)
	at org.postgresql.core.v3.QueryExecutorImpl.execute(QueryExecutorImpl.java:322)
	at org.postgresql.jdbc.PgStatement.executeInternal(PgStatement.java:481)
	at org.postgresql.jdbc.PgStatement.execute(PgStatement.java:401)
	at org.postgresql.jdbc.PgStatement.executeWithFlags(PgStatement.java:322)
	at org.postgresql.jdbc.PgStatement.executeCachedSql(PgStatement.java:308)
	at org.postgresql.jdbc.PgStatement.executeWithFlags(PgStatement.java:284)
	at org.postgresql.jdbc.PgStatement.execute(PgStatement.java:279)
	at com.zaxxer.hikari.pool.ProxyStatement.execute(ProxyStatement.java:95)
	at com.zaxxer.hikari.pool.HikariProxyStatement.execute(HikariProxyStatement.java)
	at org.hibernate.tool.schema.internal.exec.GenerationTargetToDatabase.accept(GenerationTargetToDatabase.java:54)
	... 35 common frames omitted
2022-11-10 21:06:37.197 DEBUG [main] org.hibernate.SQL : 
    
    alter table if exists article 
       add constraint FKbc2qerk3l47javnl2yvn51uoi 
       foreign key (user_id) 
       references user
2022-11-10 21:06:37.203 WARN [main] o.h.t.s.i.ExceptionHandlerLoggedImpl : GenerationTarget encountered exception accepting command : Error executing DDL "
    alter table if exists article 
       add constraint FKbc2qerk3l47javnl2yvn51uoi 
       foreign key (user_id) 
       references user" via JDBC Statement
org.hibernate.tool.schema.spi.CommandAcceptanceException: Error executing DDL "
    alter table if exists article 
       add constraint FKbc2qerk3l47javnl2yvn51uoi 
       foreign key (user_id) 
       references user" via JDBC Statement
	at org.hibernate.tool.schema.internal.exec.GenerationTargetToDatabase.accept(GenerationTargetToDatabase.java:67)
	at org.hibernate.tool.schema.internal.AbstractSchemaMigrator.applySqlString(AbstractSchemaMigrator.java:559)
	at org.hibernate.tool.schema.internal.AbstractSchemaMigrator.applySqlStrings(AbstractSchemaMigrator.java:504)
	at org.hibernate.tool.schema.internal.AbstractSchemaMigrator.applyForeignKeys(AbstractSchemaMigrator.java:433)
	at org.hibernate.tool.schema.internal.AbstractSchemaMigrator.performMigration(AbstractSchemaMigrator.java:249)
	at org.hibernate.tool.schema.internal.AbstractSchemaMigrator.doMigration(AbstractSchemaMigrator.java:114)
	at org.hibernate.tool.schema.spi.SchemaManagementToolCoordinator.performDatabaseAction(SchemaManagementToolCoordinator.java:184)
	at org.hibernate.tool.schema.spi.SchemaManagementToolCoordinator.process(SchemaManagementToolCoordinator.java:73)
	at org.hibernate.internal.SessionFactoryImpl.<init>(SessionFactoryImpl.java:318)
	at org.hibernate.boot.internal.SessionFactoryBuilderImpl.build(SessionFactoryBuilderImpl.java:468)
	at org.hibernate.jpa.boot.internal.EntityManagerFactoryBuilderImpl.build(EntityManagerFactoryBuilderImpl.java:1259)
	at org.springframework.orm.jpa.vendor.SpringHibernateJpaPersistenceProvider.createContainerEntityManagerFactory(SpringHibernateJpaPersistenceProvider.java:58)
	at org.springframework.orm.jpa.LocalContainerEntityManagerFactoryBean.createNativeEntityManagerFactory(LocalContainerEntityManagerFactoryBean.java:365)
	at org.springframework.orm.jpa.AbstractEntityManagerFactoryBean.buildNativeEntityManagerFactory(AbstractEntityManagerFactoryBean.java:409)
	at org.springframework.orm.jpa.AbstractEntityManagerFactoryBean.afterPropertiesSet(AbstractEntityManagerFactoryBean.java:396)
	at org.springframework.orm.jpa.LocalContainerEntityManagerFactoryBean.afterPropertiesSet(LocalContainerEntityManagerFactoryBean.java:341)
	at org.springframework.beans.factory.support.AbstractAutowireCapableBeanFactory.invokeInitMethods(AbstractAutowireCapableBeanFactory.java:1845)
	at org.springframework.beans.factory.support.AbstractAutowireCapableBeanFactory.initializeBean(AbstractAutowireCapableBeanFactory.java:1782)
	at org.springframework.beans.factory.support.AbstractAutowireCapableBeanFactory.doCreateBean(AbstractAutowireCapableBeanFactory.java:602)
	at org.springframework.beans.factory.support.AbstractAutowireCapableBeanFactory.createBean(AbstractAutowireCapableBeanFactory.java:524)
	at org.springframework.beans.factory.support.AbstractBeanFactory.lambda$doGetBean$0(AbstractBeanFactory.java:335)
	at org.springframework.beans.factory.support.DefaultSingletonBeanRegistry.getSingleton(DefaultSingletonBeanRegistry.java:234)
	at org.springframework.beans.factory.support.AbstractBeanFactory.doGetBean(AbstractBeanFactory.java:333)
	at org.springframework.beans.factory.support.AbstractBeanFactory.getBean(AbstractBeanFactory.java:208)
	at org.springframework.context.support.AbstractApplicationContext.getBean(AbstractApplicationContext.java:1153)
	at org.springframework.context.support.AbstractApplicationContext.finishBeanFactoryInitialization(AbstractApplicationContext.java:907)
	at org.springframework.context.support.AbstractApplicationContext.refresh(AbstractApplicationContext.java:582)
	at org.springframework.boot.web.servlet.context.ServletWebServerApplicationContext.refresh(ServletWebServerApplicationContext.java:144)
	at org.springframework.boot.SpringApplication.refresh(SpringApplication.java:767)
	at org.springframework.boot.SpringApplication.refresh(SpringApplication.java:759)
	at org.springframework.boot.SpringApplication.refreshContext(SpringApplication.java:426)
	at org.springframework.boot.SpringApplication.run(SpringApplication.java:326)
	at org.springframework.boot.SpringApplication.run(SpringApplication.java:1311)
	at org.springframework.boot.SpringApplication.run(SpringApplication.java:1300)
	at com.example.mentomen.MentomenApplication.main(MentomenApplication.java:10)
Caused by: org.postgresql.util.PSQLException: ERROR: syntax error at or near "user"
  Position: 140
	at org.postgresql.core.v3.QueryExecutorImpl.receiveErrorResponse(QueryExecutorImpl.java:2552)
	at org.postgresql.core.v3.QueryExecutorImpl.processResults(QueryExecutorImpl.java:2284)
	at org.postgresql.core.v3.QueryExecutorImpl.execute(QueryExecutorImpl.java:322)
	at org.postgresql.jdbc.PgStatement.executeInternal(PgStatement.java:481)
	at org.postgresql.jdbc.PgStatement.execute(PgStatement.java:401)
	at org.postgresql.jdbc.PgStatement.executeWithFlags(PgStatement.java:322)
	at org.postgresql.jdbc.PgStatement.executeCachedSql(PgStatement.java:308)
	at org.postgresql.jdbc.PgStatement.executeWithFlags(PgStatement.java:284)
	at org.postgresql.jdbc.PgStatement.execute(PgStatement.java:279)
	at com.zaxxer.hikari.pool.ProxyStatement.execute(ProxyStatement.java:95)
	at com.zaxxer.hikari.pool.HikariProxyStatement.execute(HikariProxyStatement.java)
	at org.hibernate.tool.schema.internal.exec.GenerationTargetToDatabase.accept(GenerationTargetToDatabase.java:54)
	... 34 common frames omitted
2022-11-10 21:06:37.204 INFO [main] o.h.e.t.j.p.i.JtaPlatformInitiator : HHH000490: Using JtaPlatform implementation: [org.hibernate.engine.transaction.jta.platform.internal.NoJtaPlatform]
2022-11-10 21:06:37.225 INFO [main] o.s.o.j.LocalContainerEntityManagerFactoryBean : Initialized JPA EntityManagerFactory for persistence unit 'default'
2022-11-10 21:06:38.651 WARN [main] o.s.b.a.o.j.JpaBaseConfiguration$JpaWebConfiguration : spring.jpa.open-in-view is enabled by default. Therefore, database queries may be performed during view rendering. Explicitly configure spring.jpa.open-in-view to disable this warning
2022-11-10 21:06:39.172 INFO [main] o.s.s.web.DefaultSecurityFilterChain : Will secure any request with [org.springframework.security.web.context.request.async.WebAsyncManagerIntegrationFilter@36f80ceb, org.springframework.security.web.context.SecurityContextPersistenceFilter@6f6c6c70, org.springframework.security.web.header.HeaderWriterFilter@12aa2cca, org.springframework.web.filter.CorsFilter@2eb60c71, org.springframework.security.web.authentication.logout.LogoutFilter@598f1faf, org.springframework.security.oauth2.client.web.OAuth2AuthorizationRequestRedirectFilter@6c9b6332, org.springframework.security.oauth2.client.web.OAuth2LoginAuthenticationFilter@384b3fe7, com.example.mentomen.member.config.jwt.JwtCommonAuthorizationFilter@31ab75a5, org.springframework.security.web.savedrequest.RequestCacheAwareFilter@40f15786, org.springframework.security.web.servletapi.SecurityContextHolderAwareRequestFilter@6bcfb561, org.springframework.security.web.authentication.AnonymousAuthenticationFilter@17541204, org.springframework.security.web.session.SessionManagementFilter@2823b7c5, org.springframework.security.web.access.ExceptionTranslationFilter@4b4bc73d, org.springframework.security.web.access.intercept.FilterSecurityInterceptor@6520625f]
2022-11-10 21:06:39.451 INFO [main] o.s.s.concurrent.ThreadPoolTaskExecutor : Initializing ExecutorService 'applicationTaskExecutor'
2022-11-10 21:06:39.886 WARN [main] o.s.b.a.t.ThymeleafAutoConfiguration$DefaultTemplateResolverConfiguration : Cannot find template location: classpath:/templates/ (please add some templates or check your Thymeleaf configuration)
2022-11-10 21:06:40.359 INFO [main] o.s.b.w.embedded.tomcat.TomcatWebServer : Tomcat started on port(s): 8098 (http) with context path ''
2022-11-10 21:06:40.394 INFO [main] c.example.mentomen.MentomenApplication : Started MentomenApplication in 13.579 seconds (JVM running for 14.826)
2022-11-10 21:08:09.147 INFO [SpringContextShutdownHook] o.s.s.concurrent.ThreadPoolTaskExecutor : Shutting down ExecutorService 'applicationTaskExecutor'
2022-11-10 21:08:09.151 INFO [SpringContextShutdownHook] o.s.o.j.LocalContainerEntityManagerFactoryBean : Closing JPA EntityManagerFactory for persistence unit 'default'
2022-11-10 21:08:09.157 INFO [SpringContextShutdownHook] com.zaxxer.hikari.HikariDataSource : HikariPool-1 - Shutdown initiated...
2022-11-10 21:08:09.180 INFO [SpringContextShutdownHook] com.zaxxer.hikari.HikariDataSource : HikariPool-1 - Shutdown completed.
2022-11-10 21:08:57.725 INFO [main] c.example.mentomen.MentomenApplication : Starting MentomenApplication using Java 11.0.17 on PUMP-GIA with PID 8116 (D:\Users\김선경\Desktop\chaewon\mentors-service-be\out\production\classes started by 김선경 in D:\Users\김선경\Desktop\chaewon\mentors-service-be)
2022-11-10 21:08:57.735 DEBUG [main] c.example.mentomen.MentomenApplication : Running with Spring Boot v2.4.3, Spring v5.3.4
2022-11-10 21:08:57.735 INFO [main] c.example.mentomen.MentomenApplication : The following profiles are active: dev
2022-11-10 21:08:59.490 INFO [main] o.s.d.r.c.RepositoryConfigurationDelegate : Multiple Spring Data modules found, entering strict repository configuration mode!
2022-11-10 21:08:59.494 INFO [main] o.s.d.r.c.RepositoryConfigurationDelegate : Bootstrapping Spring Data JDBC repositories in DEFAULT mode.
2022-11-10 21:08:59.591 INFO [main] o.s.d.r.c.RepositoryConfigurationExtensionSupport : Spring Data JDBC - Could not safely identify store assignment for repository candidate interface com.example.mentomen.article.repository.ArticleRepository. If you want this repository to be a JDBC repository, consider annotating your entities with one of these annotations: org.springframework.data.relational.core.mapping.Table.
2022-11-10 21:08:59.599 INFO [main] o.s.d.r.c.RepositoryConfigurationExtensionSupport : Spring Data JDBC - Could not safely identify store assignment for repository candidate interface com.example.mentomen.member.repository.UserRepository. If you want this repository to be a JDBC repository, consider annotating your entities with one of these annotations: org.springframework.data.relational.core.mapping.Table.
2022-11-10 21:08:59.600 INFO [main] o.s.d.r.c.RepositoryConfigurationDelegate : Finished Spring Data repository scanning in 97 ms. Found 0 JDBC repository interfaces.
2022-11-10 21:08:59.620 INFO [main] o.s.d.r.c.RepositoryConfigurationDelegate : Multiple Spring Data modules found, entering strict repository configuration mode!
2022-11-10 21:08:59.622 INFO [main] o.s.d.r.c.RepositoryConfigurationDelegate : Bootstrapping Spring Data JPA repositories in DEFAULT mode.
2022-11-10 21:08:59.704 INFO [main] o.s.d.r.c.RepositoryConfigurationDelegate : Finished Spring Data repository scanning in 74 ms. Found 2 JPA repository interfaces.
2022-11-10 21:09:00.383 INFO [main] o.s.c.s.PostProcessorRegistrationDelegate$BeanPostProcessorChecker : Bean 'org.springframework.security.access.expression.method.DefaultMethodSecurityExpressionHandler@7ad1caa2' of type [org.springframework.security.access.expression.method.DefaultMethodSecurityExpressionHandler] is not eligible for getting processed by all BeanPostProcessors (for example: not eligible for auto-proxying)
2022-11-10 21:09:00.394 INFO [main] o.s.c.s.PostProcessorRegistrationDelegate$BeanPostProcessorChecker : Bean 'methodSecurityMetadataSource' of type [org.springframework.security.access.method.DelegatingMethodSecurityMetadataSource] is not eligible for getting processed by all BeanPostProcessors (for example: not eligible for auto-proxying)
2022-11-10 21:09:02.706 INFO [main] o.s.b.w.embedded.tomcat.TomcatWebServer : Tomcat initialized with port(s): 8080 (http)
2022-11-10 21:09:02.724 INFO [main] o.apache.catalina.core.StandardService : Starting service [Tomcat]
2022-11-10 21:09:02.724 INFO [main] org.apache.catalina.core.StandardEngine : Starting Servlet engine: [Apache Tomcat/9.0.43]
2022-11-10 21:09:03.079 INFO [main] o.a.c.c.C.[Tomcat].[localhost].[/] : Initializing Spring embedded WebApplicationContext
2022-11-10 21:09:03.080 INFO [main] o.s.b.w.s.c.ServletWebServerApplicationContext : Root WebApplicationContext: initialization completed in 5214 ms
2022-11-10 21:09:03.179 INFO [main] com.zaxxer.hikari.HikariDataSource : HikariPool-1 - Starting...
2022-11-10 21:09:03.612 INFO [main] com.zaxxer.hikari.HikariDataSource : HikariPool-1 - Start completed.
2022-11-10 21:09:03.623 INFO [main] o.s.b.a.h2.H2ConsoleAutoConfiguration : H2 console available at '/h2-console'. Database available at 'jdbc:h2:mem:testdb'
2022-11-10 21:09:03.964 INFO [main] o.hibernate.jpa.internal.util.LogHelper : HHH000204: Processing PersistenceUnitInfo [name: default]
2022-11-10 21:09:04.056 INFO [main] org.hibernate.Version : HHH000412: Hibernate ORM core version 5.4.28.Final
2022-11-10 21:09:04.313 INFO [main] o.hibernate.annotations.common.Version : HCANN000001: Hibernate Commons Annotations {5.1.2.Final}
2022-11-10 21:09:04.560 INFO [main] org.hibernate.dialect.Dialect : HHH000400: Using dialect: org.hibernate.dialect.H2Dialect
2022-11-10 21:09:05.706 DEBUG [main] org.hibernate.SQL : 
    
    drop table if exists article CASCADE 
2022-11-10 21:09:05.710 DEBUG [main] org.hibernate.SQL : 
    
    drop table if exists user CASCADE 
2022-11-10 21:09:05.710 DEBUG [main] org.hibernate.SQL : 
    
    drop sequence if exists hibernate_sequence
2022-11-10 21:09:05.716 DEBUG [main] org.hibernate.SQL : create sequence hibernate_sequence start with 1 increment by 1
2022-11-10 21:09:05.728 DEBUG [main] org.hibernate.SQL : 
    
    create table article (
       article_id bigint not null,
        content varchar(255),
        title varchar(255),
        user_id bigint,
        primary key (article_id)
    )
2022-11-10 21:09:05.739 DEBUG [main] org.hibernate.SQL : 
    
    create table user (
       user_id bigint generated by default as identity,
        create_date timestamp,
        discription varchar(255),
        email varchar(255),
        nickname varchar(255),
        password varchar(255),
        provider varchar(255),
        provider_id varchar(255),
        role varchar(255),
        username varchar(255),
        primary key (user_id)
    )
2022-11-10 21:09:05.751 DEBUG [main] org.hibernate.SQL : 
    
    alter table article 
       add constraint FKbc2qerk3l47javnl2yvn51uoi 
       foreign key (user_id) 
       references user
2022-11-10 21:09:05.773 INFO [main] o.h.e.t.j.p.i.JtaPlatformInitiator : HHH000490: Using JtaPlatform implementation: [org.hibernate.engine.transaction.jta.platform.internal.NoJtaPlatform]
2022-11-10 21:09:05.794 INFO [main] o.s.o.j.LocalContainerEntityManagerFactoryBean : Initialized JPA EntityManagerFactory for persistence unit 'default'
2022-11-10 21:09:06.990 WARN [main] o.s.b.a.o.j.JpaBaseConfiguration$JpaWebConfiguration : spring.jpa.open-in-view is enabled by default. Therefore, database queries may be performed during view rendering. Explicitly configure spring.jpa.open-in-view to disable this warning
2022-11-10 21:09:07.416 INFO [main] o.s.s.web.DefaultSecurityFilterChain : Will secure any request with [org.springframework.security.web.context.request.async.WebAsyncManagerIntegrationFilter@64d1f549, org.springframework.security.web.context.SecurityContextPersistenceFilter@19bbb216, org.springframework.security.web.header.HeaderWriterFilter@39b9dc35, org.springframework.web.filter.CorsFilter@265c1a7c, org.springframework.security.web.authentication.logout.LogoutFilter@330d16af, org.springframework.security.oauth2.client.web.OAuth2AuthorizationRequestRedirectFilter@15afebcc, org.springframework.security.oauth2.client.web.OAuth2LoginAuthenticationFilter@68722de3, com.example.mentomen.member.config.jwt.JwtCommonAuthorizationFilter@1fb61db4, org.springframework.security.web.savedrequest.RequestCacheAwareFilter@549debdb, org.springframework.security.web.servletapi.SecurityContextHolderAwareRequestFilter@1aea759d, org.springframework.security.web.authentication.AnonymousAuthenticationFilter@1d4e06bb, org.springframework.security.web.session.SessionManagementFilter@3976910, org.springframework.security.web.access.ExceptionTranslationFilter@f4c3e9, org.springframework.security.web.access.intercept.FilterSecurityInterceptor@7fb1820d]
2022-11-10 21:09:07.678 INFO [main] o.s.s.concurrent.ThreadPoolTaskExecutor : Initializing ExecutorService 'applicationTaskExecutor'
2022-11-10 21:09:07.937 WARN [main] o.s.b.a.t.ThymeleafAutoConfiguration$DefaultTemplateResolverConfiguration : Cannot find template location: classpath:/templates/ (please add some templates or check your Thymeleaf configuration)
2022-11-10 21:09:08.261 INFO [main] o.s.b.w.embedded.tomcat.TomcatWebServer : Tomcat started on port(s): 8080 (http) with context path ''
2022-11-10 21:09:08.274 INFO [main] c.example.mentomen.MentomenApplication : Started MentomenApplication in 11.584 seconds (JVM running for 12.886)
2022-11-10 21:09:46.416 INFO [http-nio-8080-exec-1] o.a.c.c.C.[Tomcat].[localhost].[/] : Initializing Spring DispatcherServlet 'dispatcherServlet'
2022-11-10 21:09:46.417 INFO [http-nio-8080-exec-1] o.s.web.servlet.DispatcherServlet : Initializing Servlet 'dispatcherServlet'
2022-11-10 21:09:46.423 INFO [http-nio-8080-exec-1] o.s.web.servlet.DispatcherServlet : Completed initialization in 6 ms
2022-11-10 21:09:49.129 WARN [http-nio-8080-exec-1] o.a.c.util.SessionIdGeneratorBase : Creation of SecureRandom instance for session ID generation using [SHA1PRNG] took [2,605] milliseconds.
2022-11-10 21:10:48.868 DEBUG [http-nio-8080-exec-4] org.hibernate.SQL : 
    select
        userentity0_.user_id as user_id1_1_,
        userentity0_.create_date as create_d2_1_,
        userentity0_.discription as discript3_1_,
        userentity0_.email as email4_1_,
        userentity0_.nickname as nickname5_1_,
        userentity0_.password as password6_1_,
        userentity0_.provider as provider7_1_,
        userentity0_.provider_id as provider8_1_,
        userentity0_.role as role9_1_,
        userentity0_.username as usernam10_1_ 
    from
        user userentity0_ 
    where
        userentity0_.provider=? 
        and userentity0_.provider_id=?
2022-11-10 21:10:48.893 TRACE [http-nio-8080-exec-4] o.h.type.descriptor.sql.BasicBinder : binding parameter [1] as [VARCHAR] - [Kakao]
2022-11-10 21:10:48.894 TRACE [http-nio-8080-exec-4] o.h.type.descriptor.sql.BasicBinder : binding parameter [2] as [VARCHAR] - [2483437037]
2022-11-10 21:10:49.076 DEBUG [http-nio-8080-exec-4] org.hibernate.SQL : 
    insert 
    into
        user
        (user_id, create_date, discription, email, nickname, password, provider, provider_id, role, username) 
    values
        (null, ?, ?, ?, ?, ?, ?, ?, ?, ?)
2022-11-10 21:10:49.082 TRACE [http-nio-8080-exec-4] o.h.type.descriptor.sql.BasicBinder : binding parameter [1] as [TIMESTAMP] - [2022-11-10 21:10:49.072]
2022-11-10 21:10:49.131 TRACE [http-nio-8080-exec-4] o.h.type.descriptor.sql.BasicBinder : binding parameter [2] as [VARCHAR] - [null]
2022-11-10 21:10:49.133 TRACE [http-nio-8080-exec-4] o.h.type.descriptor.sql.BasicBinder : binding parameter [3] as [VARCHAR] - [cw121@naver.com]
2022-11-10 21:10:49.134 TRACE [http-nio-8080-exec-4] o.h.type.descriptor.sql.BasicBinder : binding parameter [4] as [VARCHAR] - [신채원]
2022-11-10 21:10:49.135 TRACE [http-nio-8080-exec-4] o.h.type.descriptor.sql.BasicBinder : binding parameter [5] as [VARCHAR] - [null]
2022-11-10 21:10:49.135 TRACE [http-nio-8080-exec-4] o.h.type.descriptor.sql.BasicBinder : binding parameter [6] as [VARCHAR] - [Kakao]
2022-11-10 21:10:49.136 TRACE [http-nio-8080-exec-4] o.h.type.descriptor.sql.BasicBinder : binding parameter [7] as [VARCHAR] - [2483437037]
2022-11-10 21:10:49.136 TRACE [http-nio-8080-exec-4] o.h.type.descriptor.sql.BasicBinder : binding parameter [8] as [VARCHAR] - [ROLE_USER]
2022-11-10 21:10:49.137 TRACE [http-nio-8080-exec-4] o.h.type.descriptor.sql.BasicBinder : binding parameter [9] as [VARCHAR] - [신채원]
2022-11-10 21:11:01.940 DEBUG [http-nio-8080-exec-8] org.hibernate.SQL : 
    select
        userentity0_.user_id as user_id1_1_,
        userentity0_.create_date as create_d2_1_,
        userentity0_.discription as discript3_1_,
        userentity0_.email as email4_1_,
        userentity0_.nickname as nickname5_1_,
        userentity0_.password as password6_1_,
        userentity0_.provider as provider7_1_,
        userentity0_.provider_id as provider8_1_,
        userentity0_.role as role9_1_,
        userentity0_.username as usernam10_1_ 
    from
        user userentity0_ 
    where
        userentity0_.provider=? 
        and userentity0_.provider_id=?
2022-11-10 21:11:01.941 TRACE [http-nio-8080-exec-8] o.h.type.descriptor.sql.BasicBinder : binding parameter [1] as [VARCHAR] - [Kakao]
2022-11-10 21:11:01.942 TRACE [http-nio-8080-exec-8] o.h.type.descriptor.sql.BasicBinder : binding parameter [2] as [VARCHAR] - [2483437037]
2022-11-10 21:11:02.029 DEBUG [http-nio-8080-exec-8] org.hibernate.SQL : 
    select
        userentity0_.user_id as user_id1_1_0_,
        userentity0_.create_date as create_d2_1_0_,
        userentity0_.discription as discript3_1_0_,
        userentity0_.email as email4_1_0_,
        userentity0_.nickname as nickname5_1_0_,
        userentity0_.password as password6_1_0_,
        userentity0_.provider as provider7_1_0_,
        userentity0_.provider_id as provider8_1_0_,
        userentity0_.role as role9_1_0_,
        userentity0_.username as usernam10_1_0_ 
    from
        user userentity0_ 
    where
        userentity0_.user_id=?
2022-11-10 21:11:02.032 TRACE [http-nio-8080-exec-8] o.h.type.descriptor.sql.BasicBinder : binding parameter [1] as [BIGINT] - [1]
2022-11-10 21:11:08.759 DEBUG [http-nio-8080-exec-2] org.hibernate.SQL : 
    select
        userentity0_.user_id as user_id1_1_,
        userentity0_.create_date as create_d2_1_,
        userentity0_.discription as discript3_1_,
        userentity0_.email as email4_1_,
        userentity0_.nickname as nickname5_1_,
        userentity0_.password as password6_1_,
        userentity0_.provider as provider7_1_,
        userentity0_.provider_id as provider8_1_,
        userentity0_.role as role9_1_,
        userentity0_.username as usernam10_1_ 
    from
        user userentity0_ 
    where
        userentity0_.provider=? 
        and userentity0_.provider_id=?
2022-11-10 21:11:08.760 TRACE [http-nio-8080-exec-2] o.h.type.descriptor.sql.BasicBinder : binding parameter [1] as [VARCHAR] - [Kakao]
2022-11-10 21:11:08.760 TRACE [http-nio-8080-exec-2] o.h.type.descriptor.sql.BasicBinder : binding parameter [2] as [VARCHAR] - [2483437037]
2022-11-10 21:11:08.762 DEBUG [http-nio-8080-exec-2] org.hibernate.SQL : 
    select
        userentity0_.user_id as user_id1_1_0_,
        userentity0_.create_date as create_d2_1_0_,
        userentity0_.discription as discript3_1_0_,
        userentity0_.email as email4_1_0_,
        userentity0_.nickname as nickname5_1_0_,
        userentity0_.password as password6_1_0_,
        userentity0_.provider as provider7_1_0_,
        userentity0_.provider_id as provider8_1_0_,
        userentity0_.role as role9_1_0_,
        userentity0_.username as usernam10_1_0_ 
    from
        user userentity0_ 
    where
        userentity0_.user_id=?
2022-11-10 21:11:08.763 TRACE [http-nio-8080-exec-2] o.h.type.descriptor.sql.BasicBinder : binding parameter [1] as [BIGINT] - [1]
